gradleBuild/outputs/logs/manifest-merger-release-report.txt
-- Merging decision tree log ---
manifest
ADDED from examples\android\AndroidManifest.xml:3:1-31:12
	package
		ADDED from examples\android\AndroidManifest.xml:4:5-34
	xmlns:android
		ADDED from examples\android\AndroidManifest.xml:3:11-69
uses-sdk
ADDED from examples\android\AndroidManifest.xml:7:5-9:41
MERGED from [com.android.support:appcompat-v7:26.0.0-alpha1] AndroidManifest.xml:21:5-23:78
MERGED from [com.android.support:support-v4:26.0.0-alpha1] AndroidManifest.xml:21:5-23:54
MERGED from [com.android.support:support-media-compat:26.0.0-alpha1] AndroidManifest.xml:21:5-23:63
MERGED from [com.android.support:support-fragment:26.0.0-alpha1] AndroidManifest.xml:21:5-23:60
MERGED from [com.android.support:support-core-ui:26.0.0-alpha1] AndroidManifest.xml:21:5-23:58
MERGED from [com.android.support:support-core-utils:26.0.0-alpha1] AndroidManifest.xml:21:5-23:61
MERGED from [com.android.support:animated-vector-drawable:26.0.0-alpha1] AndroidManifest.xml:20:5-44
MERGED from [com.android.support:support-vector-drawable:26.0.0-alpha1] AndroidManifest.xml:20:5-44
MERGED from [com.android.support:support-compat:26.0.0-alpha1] AndroidManifest.xml:21:5-23:58
	tools:overrideLibrary
		ADDED from [com.android.support:appcompat-v7:26.0.0-alpha1] AndroidManifest.xml:23:9-75
	android:targetSdkVersion
		ADDED from examples\android\AndroidManifest.xml:9:9-38
		INJECTED from examples\android\AndroidManifest.xml
		INJECTED from examples\android\AndroidManifest.xml
	android:minSdkVersion
		ADDED from examples\android\AndroidManifest.xml:8:9-35
		INJECTED from examples\android\AndroidManifest.xml
		INJECTED from examples\android\AndroidManifest.xml
application
ADDED from examples\android\AndroidManifest.xml:11:5-28:19
MERGED from [com.android.support:appcompat-v7:26.0.0-alpha1] AndroidManifest.xml:29:5-20
MERGED from [com.android.support:support-v4:26.0.0-alpha1] AndroidManifest.xml:29:5-20
MERGED from [com.android.support:support-media-compat:26.0.0-alpha1] AndroidManifest.xml:29:5-20
MERGED from [com.android.support:support-fragment:26.0.0-alpha1] AndroidManifest.xml:29:5-20
MERGED from [com.android.support:support-core-ui:26.0.0-alpha1] AndroidManifest.xml:29:5-20
MERGED from [com.android.support:support-core-utils:26.0.0-alpha1] AndroidManifest.xml:29:5-20
MERGED from [com.android.support:animated-vector-drawable:26.0.0-alpha1] AndroidManifest.xml:26:5-20
MERGED from [com.android.support:support-vector-drawable:26.0.0-alpha1] AndroidManifest.xml:26:5-20
MERGED from [com.android.support:support-compat:26.0.0-alpha1] AndroidManifest.xml:29:5-20
	android:label
		ADDED from examples\android\AndroidManifest.xml:13:9-41
	android:supportsRtl
		ADDED from examples\android\AndroidManifest.xml:14:9-35
	android:allowBackup
		ADDED from examples\android\AndroidManifest.xml:12:9-35
	android:theme
		ADDED from examples\android\AndroidManifest.xml:15:9-56
activity#org.tensorflow.demo.ui.DrawGates
ADDED from examples\android\AndroidManifest.xml:16:9-23:20
	android:screenOrientation
		ADDED from examples\android\AndroidManifest.xml:17:13-50
	android:name
		ADDED from examples\android\AndroidManifest.xml:16:19-66
intent-filter#android.intent.action.MAIN+android.intent.category.LAUNCHER
ADDED from examples\android\AndroidManifest.xml:18:13-22:29
action#android.intent.action.MAIN
ADDED from examples\android\AndroidManifest.xml:19:17-69
	android:name
		ADDED from examples\android\AndroidManifest.xml:19:25-66
category#android.intent.category.LAUNCHER
ADDED from examples\android\AndroidManifest.xml:21:17-77
	android:name
		ADDED from examples\android\AndroidManifest.xml:21:27-74
activity#org.tensorflow.demo.ui.listAll1
ADDED from examples\android\AndroidManifest.xml:24:9-27:58
	android:label
		ADDED from examples\android\AndroidManifest.xml:26:13-38
	android:parentActivityName
		ADDED from examples\android\AndroidManifest.xml:27:13-55
	android:theme
		ADDED from examples\android\AndroidManifest.xml:25:13-69
	android:name
		ADDED from examples\android\AndroidManifest.xml:24:19-46
uses-permission#android.permission.READ_EXTERNAL_STORAGE
ADDED from examples\android\AndroidManifest.xml:29:5-80
	android:name
		ADDED from examples\android\AndroidManifest.xml:29:22-77
uses-permission#android.permission.WRITE_EXTERNAL_STORAGE
ADDED from examples\android\AndroidManifest.xml:30:5-81
	android:name
		ADDED from examples\android\AndroidManifest.xml:30:22-78
meta-data#android.support.VERSION
ADDED from [com.android.support:appcompat-v7:26.0.0-alpha1] AndroidManifest.xml:25:5-27:41
MERGED from [com.android.support:support-v4:26.0.0-alpha1] AndroidManifest.xml:25:5-27:41
MERGED from [com.android.support:support-media-compat:26.0.0-alpha1] AndroidManifest.xml:25:5-27:41
MERGED from [com.android.support:support-fragment:26.0.0-alpha1] AndroidManifest.xml:25:5-27:41
MERGED from [com.android.support:support-core-ui:26.0.0-alpha1] AndroidManifest.xml:25:5-27:41
MERGED from [com.android.support:support-core-utils:26.0.0-alpha1] AndroidManifest.xml:25:5-27:41
MERGED from [com.android.support:animated-vector-drawable:26.0.0-alpha1] AndroidManifest.xml:22:5-24:41
MERGED from [com.android.support:support-vector-drawable:26.0.0-alpha1] AndroidManifest.xml:22:5-24:41
MERGED from [com.android.support:support-compat:26.0.0-alpha1] AndroidManifest.xml:25:5-27:41
	android:value
		ADDED from [com.android.support:appcompat-v7:26.0.0-alpha1] AndroidManifest.xml:27:9-38
	android:name
		ADDED from [com.android.support:appcompat-v7:26.0.0-alpha1] AndroidManifest.xml:26:9-47